Unable to capture context for thread 3264 in process 11212, can not generate back trace
Unable to capture context for thread 3264 in process 11212, can not generate back trace
Exception at PC 0x00007FFAD3E5BB93
Printing stacktrace...

Exception at PC 0x00007FFB3B013C58
Exception at PC 0x00007FFB3B013C58
Exception at PC 0x00007FFB3B013C58
Exception at PC 0x00007FFB3B013C58
[0]  [0x00007FFAD3E5BB93]
[1]  [0x00007FFAD3E5BB93]
[2]  [0x00007FFAD3E5B4A1]
[3]  [0x00007FFAD3E5B3EF]
[4]  [0x00007FFAD3E419FE]
[5]  [0x00007FFAD3E40ED1]
[6]  [0x00007FFAD3E40D76]
[7]  [0x00007FFAD3DE79F6]
[8]  [0x00007FFAD3DD7AFB]
[9]  [0x00007FFAD3EFE90A]
[10]  [0x00007FFAD3F19F87]
[11]  [0x00007FFAD3F1A05F]
[12] (BaseThreadInitThunk+0x14) [0x00007FFB3B2D8364]
[13] (RtlUserThreadStart+0x21) [0x00007FFB3DF670D1]
Done
Exception at PC 0x00007FFB3B013C58
Exception at PC 0x00007FFB3B013C58
Exception at PC 0x00007FFB3B013C58
Exception at PC 0x00007FFB3B013C58
Exception at PC 0x00007FFB3B013C58
Exception at PC 0x00007FFB3B013C58
Exception at PC 0x00007FFB3B013C58
Exception at PC 0x00007FFB3B013C58
Exception at PC 0x00007FFB3B013C58
Exception at PC 0x00007FFB3B013C58
Exception at PC 0x00007FFB3B013C58
Exception at PC 0x00007FFB3B013C58
Exception at PC 0x00007FFB3B013C58
Exception at PC 0x00007FFB3B013C58
